<?xml version="1.0" encoding="utf-8"?><testsuites name="pytest tests"><testsuite name="pytest" errors="0" failures="1" skipped="0" tests="36" time="8.379" timestamp="2026-04-25T15:05:12.980636+00:00" hostname="agent-env-3b1d9cc8-3948-4d32-bf40-5f18a96dc070"><testcase classname="backend.tests.backend_test.TestAuth" name="test_login_returns_user_and_sets_cookies" time="0.362" /><testcase classname="backend.tests.backend_test.TestAuth" name="test_me_with_cookie" time="0.377" /><testcase classname="backend.tests.backend_test.TestAuth" name="test_me_with_bearer_header" time="0.439" /><testcase classname="backend.tests.backend_test.TestAuth" name="test_me_without_auth" time="0.100" /><testcase classname="backend.tests.backend_test.TestAuth" name="test_login_invalid_password" time="0.119" /><testcase classname="backend.tests.backend_test.TestAuth" name="test_register_new_user_is_member" time="0.332" /><testcase classname="backend.tests.backend_test.TestAuth" name="test_register_duplicate_email" time="0.107" /><testcase classname="backend.tests.backend_test.TestAuth" name="test_refresh_token" time="1.388" /><testcase classname="backend.tests.backend_test.TestAuth" name="test_logout_clears_cookies" time="0.442" /><testcase classname="backend.tests.backend_test.TestAuth" name="test_brute_force_lockout" time="0.637"><failure message="AssertionError: Expected 429 lockout, got 401&#10;assert 401 == 429">backend/tests/backend_test.py:138: in test_brute_force_lockout
    assert last_status == 429, f"Expected 429 lockout, got {last_status}"
E   AssertionError: Expected 429 lockout, got 401
E   assert 401 == 429</failure></testcase><testcase classname="backend.tests.backend_test.TestAuth" name="test_forgot_password_always_ok" time="0.122" /><testcase classname="backend.tests.backend_test.TestAuth" name="test_reset_password_invalid_token" time="0.122" /><testcase classname="backend.tests.backend_test.TestUsers" name="test_list_users_requires_auth" time="0.129" /><testcase classname="backend.tests.backend_test.TestUsers" name="test_list_users_authenticated" time="0.047" /><testcase classname="backend.tests.backend_test.TestUsers" name="test_member_cannot_add_user" time="0.667" /><testcase classname="backend.tests.backend_test.TestUsers" name="test_admin_add_member_and_persistence" time="0.318" /><testcase classname="backend.tests.backend_test.TestUsers" name="test_admin_update_role" time="0.094" /><testcase classname="backend.tests.backend_test.TestUsers" name="test_admin_cannot_delete_self" time="0.122" /><testcase classname="backend.tests.backend_test.TestUsers" name="test_admin_delete_user" time="0.360" /><testcase classname="backend.tests.backend_test.TestProjects" name="test_create_project_uppercase_key" time="0.051" /><testcase classname="backend.tests.backend_test.TestProjects" name="test_duplicate_key_rejected" time="0.044" /><testcase classname="backend.tests.backend_test.TestProjects" name="test_list_projects_has_issue_count" time="0.046" /><testcase classname="backend.tests.backend_test.TestProjects" name="test_get_project" time="0.044" /><testcase classname="backend.tests.backend_test.TestProjects" name="test_patch_project" time="0.089" /><testcase classname="backend.tests.backend_test.TestProjects" name="test_member_cannot_delete_project" time="0.146" /><testcase classname="backend.tests.backend_test.TestIssues" name="test_create_issue_with_auto_key" time="0.098" /><testcase classname="backend.tests.backend_test.TestIssues" name="test_list_issues_with_filters" time="0.047" /><testcase classname="backend.tests.backend_test.TestIssues" name="test_update_issue_writes_activity" time="0.139" /><testcase classname="backend.tests.backend_test.TestIssues" name="test_delete_issue" time="0.135" /><testcase classname="backend.tests.backend_test.TestComments" name="test_add_list_delete_comment" time="0.184" /><testcase classname="backend.tests.backend_test.TestComments" name="test_member_cannot_delete_others_comment" time="0.152" /><testcase classname="backend.tests.backend_test.TestAttachments" name="test_upload_list_download_delete" time="0.242" /><testcase classname="backend.tests.backend_test.TestSprints" name="test_sprint_lifecycle" time="0.318" /><testcase classname="backend.tests.backend_test.TestSprints" name="test_list_sprints" time="0.046" /><testcase classname="backend.tests.backend_test.TestSearch" name="test_search_returns_issues_and_projects" time="0.090" /><testcase classname="backend.tests.backend_test.TestSearch" name="test_search_empty_query" time="0.089" /></testsuite></testsuites>